2019-05-10 02:59:34,903 - INFO - allennlp.common.params - evaluate_on_test = False
2019-05-10 02:59:34,904 - INFO - allennlp.common.from_params - instantiating class <class 'allennlp.data.dataset_readers.dataset_reader.DatasetReader'> from params {'type': 'sst_tokens', 'token_indexers': {'tokens': {'type': 'elmo_characters'}}} and extras set()
2019-05-10 02:59:34,904 - INFO - allennlp.common.params - dataset_reader.type = sst_tokens
2019-05-10 02:59:34,905 - INFO - allennlp.common.from_params - instantiating class <class 'allennlp.data.dataset_readers.stanford_sentiment_tree_bank.StanfordSentimentTreeBankDatasetReader'> from params {'token_indexers': {'tokens': {'type': 'elmo_characters'}}} and extras set()
2019-05-10 02:59:34,905 - INFO - allennlp.common.from_params - instantiating class allennlp.data.token_indexers.token_indexer.TokenIndexer from params {'type': 'elmo_characters'} and extras set()
2019-05-10 02:59:34,907 - INFO - allennlp.common.params - dataset_reader.token_indexers.tokens.type = elmo_characters
2019-05-10 02:59:34,908 - INFO - allennlp.common.from_params - instantiating class allennlp.data.token_indexers.elmo_indexer.ELMoTokenCharactersIndexer from params {} and extras set()
2019-05-10 02:59:34,908 - INFO - allennlp.common.params - dataset_reader.token_indexers.tokens.namespace = elmo_characters
2019-05-10 02:59:34,908 - INFO - allennlp.common.params - dataset_reader.token_indexers.tokens.tokens_to_add = None
2019-05-10 02:59:34,909 - INFO - allennlp.common.params - dataset_reader.use_subtrees = False
2019-05-10 02:59:34,909 - INFO - allennlp.common.params - dataset_reader.granularity = 5-class
2019-05-10 02:59:34,909 - INFO - allennlp.common.params - dataset_reader.lazy = False
2019-05-10 02:59:34,910 - INFO - allennlp.common.params - validation_dataset_reader = None
2019-05-10 02:59:34,910 - INFO - allennlp.common.params - train_data_path = trees/train.txt
2019-05-10 02:59:34,910 - INFO - allennlp.training.util - Reading training data from trees/train.txt
2019-05-10 02:59:34,911 - INFO - allennlp.data.dataset_readers.stanford_sentiment_tree_bank - Reading instances from lines in file at: trees/train.txt
2019-05-10 02:59:36,350 - INFO - allennlp.common.params - validation_data_path = trees/dev.txt
2019-05-10 02:59:36,350 - INFO - allennlp.training.util - Reading validation data from trees/dev.txt
2019-05-10 02:59:36,351 - INFO - allennlp.data.dataset_readers.stanford_sentiment_tree_bank - Reading instances from lines in file at: trees/dev.txt
2019-05-10 02:59:36,516 - INFO - allennlp.common.params - test_data_path = None
2019-05-10 02:59:36,517 - INFO - allennlp.training.trainer - From dataset instances, validation, train will be considered for vocabulary creation.
2019-05-10 02:59:36,517 - INFO - allennlp.common.params - vocabulary.type = None
2019-05-10 02:59:36,517 - INFO - allennlp.common.params - vocabulary.extend = False
2019-05-10 02:59:36,518 - INFO - allennlp.common.params - vocabulary.directory_path = None
2019-05-10 02:59:36,518 - INFO - allennlp.common.params - vocabulary.max_vocab_size = None
2019-05-10 02:59:36,518 - INFO - allennlp.common.params - vocabulary.non_padded_namespaces = ('*tags', '*labels')
2019-05-10 02:59:36,518 - INFO - allennlp.common.params - vocabulary.min_pretrained_embeddings = None
2019-05-10 02:59:36,519 - INFO - allennlp.common.params - vocabulary.only_include_pretrained_words = False
2019-05-10 02:59:36,519 - INFO - allennlp.common.params - vocabulary.tokens_to_add = None
2019-05-10 02:59:36,519 - INFO - allennlp.data.vocabulary - Fitting token dictionary from dataset.
2019-05-10 02:59:36,559 - INFO - allennlp.common.from_params - instantiating class <class 'allennlp.models.model.Model'> from params {'type': 'lstm_classifier', 'word_embeddings': {'tokens': {'type': 'elmo_token_embedder', 'options_file': 'https://s3-us-west-2.amazonaws.com/allennlp/models/elmo/2x1024_128_2048cnn_1xhighway/elmo_2x1024_128_2048cnn_1xhighway_options.json', 'weight_file': 'https://s3-us-west-2.amazonaws.com/allennlp/models/elmo/2x1024_128_2048cnn_1xhighway/elmo_2x1024_128_2048cnn_1xhighway_weights.hdf5', 'do_layer_norm': False, 'dropout': 0}}, 'encoder': {'type': 'lstm', 'input_size': 256, 'hidden_size': 256, 'num_layers': 3, 'batch_first': 'True'}} and extras {'vocab'}
2019-05-10 02:59:36,561 - INFO - allennlp.common.params - model.type = lstm_classifier
2019-05-10 02:59:36,562 - INFO - allennlp.common.from_params - instantiating class <class 'sst_classifier.LstmClassifier'> from params {'word_embeddings': {'tokens': {'type': 'elmo_token_embedder', 'options_file': 'https://s3-us-west-2.amazonaws.com/allennlp/models/elmo/2x1024_128_2048cnn_1xhighway/elmo_2x1024_128_2048cnn_1xhighway_options.json', 'weight_file': 'https://s3-us-west-2.amazonaws.com/allennlp/models/elmo/2x1024_128_2048cnn_1xhighway/elmo_2x1024_128_2048cnn_1xhighway_weights.hdf5', 'do_layer_norm': False, 'dropout': 0}}, 'encoder': {'type': 'lstm', 'input_size': 256, 'hidden_size': 256, 'num_layers': 3, 'batch_first': 'True'}} and extras {'vocab'}
2019-05-10 02:59:36,568 - INFO - allennlp.common.from_params - instantiating class <class 'allennlp.modules.text_field_embedders.text_field_embedder.TextFieldEmbedder'> from params {'tokens': {'type': 'elmo_token_embedder', 'options_file': 'https://s3-us-west-2.amazonaws.com/allennlp/models/elmo/2x1024_128_2048cnn_1xhighway/elmo_2x1024_128_2048cnn_1xhighway_options.json', 'weight_file': 'https://s3-us-west-2.amazonaws.com/allennlp/models/elmo/2x1024_128_2048cnn_1xhighway/elmo_2x1024_128_2048cnn_1xhighway_weights.hdf5', 'do_layer_norm': False, 'dropout': 0}} and extras {'vocab'}
2019-05-10 02:59:36,569 - INFO - allennlp.common.params - model.word_embeddings.type = basic
2019-05-10 02:59:36,569 - INFO - allennlp.common.params - model.word_embeddings.embedder_to_indexer_map = None
2019-05-10 02:59:36,569 - INFO - allennlp.common.params - model.word_embeddings.allow_unmatched_keys = False
2019-05-10 02:59:36,569 - INFO - allennlp.common.params - model.word_embeddings.token_embedders = None
2019-05-10 02:59:36,570 - INFO - allennlp.common.from_params - instantiating class <class 'allennlp.modules.token_embedders.token_embedder.TokenEmbedder'> from params {'type': 'elmo_token_embedder', 'options_file': 'https://s3-us-west-2.amazonaws.com/allennlp/models/elmo/2x1024_128_2048cnn_1xhighway/elmo_2x1024_128_2048cnn_1xhighway_options.json', 'weight_file': 'https://s3-us-west-2.amazonaws.com/allennlp/models/elmo/2x1024_128_2048cnn_1xhighway/elmo_2x1024_128_2048cnn_1xhighway_weights.hdf5', 'do_layer_norm': False, 'dropout': 0} and extras {'vocab'}
2019-05-10 02:59:36,570 - INFO - allennlp.common.params - model.word_embeddings.tokens.type = elmo_token_embedder
2019-05-10 02:59:38,444 - INFO - allennlp.common.params - model.word_embeddings.tokens.options_file = https://s3-us-west-2.amazonaws.com/allennlp/models/elmo/2x1024_128_2048cnn_1xhighway/elmo_2x1024_128_2048cnn_1xhighway_options.json
2019-05-10 02:59:38,445 - INFO - allennlp.common.params - model.word_embeddings.tokens.weight_file = https://s3-us-west-2.amazonaws.com/allennlp/models/elmo/2x1024_128_2048cnn_1xhighway/elmo_2x1024_128_2048cnn_1xhighway_weights.hdf5
2019-05-10 02:59:38,446 - INFO - allennlp.common.params - model.word_embeddings.tokens.requires_grad = False
2019-05-10 02:59:38,447 - INFO - allennlp.common.params - model.word_embeddings.tokens.do_layer_norm = False
2019-05-10 02:59:38,448 - INFO - allennlp.common.params - model.word_embeddings.tokens.dropout = 0
2019-05-10 02:59:38,449 - INFO - allennlp.common.params - model.word_embeddings.tokens.namespace_to_cache = None
2019-05-10 02:59:38,450 - INFO - allennlp.common.params - model.word_embeddings.tokens.projection_dim = None
2019-05-10 02:59:38,451 - INFO - allennlp.common.params - model.word_embeddings.tokens.scalar_mix_parameters = None
2019-05-10 02:59:38,452 - INFO - allennlp.modules.elmo - Initializing ELMo
2019-05-10 02:59:50,115 - INFO - allennlp.common.from_params - instantiating class <class 'allennlp.modules.seq2vec_encoders.seq2vec_encoder.Seq2VecEncoder'> from params {'type': 'lstm', 'input_size': 256, 'hidden_size': 256, 'num_layers': 3, 'batch_first': 'True'} and extras {'vocab'}
2019-05-10 02:59:50,115 - INFO - allennlp.common.params - model.encoder.type = lstm
2019-05-10 02:59:50,115 - INFO - allennlp.common.params - model.encoder.batch_first = True
2019-05-10 02:59:50,116 - INFO - allennlp.common.params - Converting Params object to dict; logging of default values will not occur when dictionary parameters are used subsequently.
2019-05-10 02:59:50,116 - INFO - allennlp.common.params - CURRENTLY DEFINED PARAMETERS: 
2019-05-10 02:59:50,116 - INFO - allennlp.common.params - model.encoder.input_size = 256
2019-05-10 02:59:50,116 - INFO - allennlp.common.params - model.encoder.hidden_size = 256
2019-05-10 02:59:50,117 - INFO - allennlp.common.params - model.encoder.num_layers = 3
2019-05-10 02:59:50,117 - INFO - allennlp.common.params - model.encoder.batch_first = True
2019-05-10 02:59:50,129 - INFO - allennlp.common.params - model.positive_label = 4
2019-05-10 02:59:50,150 - INFO - allennlp.common.from_params - instantiating class <class 'allennlp.data.iterators.data_iterator.DataIterator'> from params {'type': 'bucket', 'batch_size': 100, 'sorting_keys': [['tokens', 'num_tokens']]} and extras set()
2019-05-10 02:59:50,151 - INFO - allennlp.common.params - iterator.type = bucket
2019-05-10 02:59:50,152 - INFO - allennlp.common.from_params - instantiating class <class 'allennlp.data.iterators.bucket_iterator.BucketIterator'> from params {'batch_size': 100, 'sorting_keys': [['tokens', 'num_tokens']]} and extras set()
2019-05-10 02:59:50,154 - INFO - allennlp.common.params - iterator.sorting_keys = [['tokens', 'num_tokens']]
2019-05-10 02:59:50,156 - INFO - allennlp.common.params - iterator.padding_noise = 0.1
2019-05-10 02:59:50,156 - INFO - allennlp.common.params - iterator.biggest_batch_first = False
2019-05-10 02:59:50,156 - INFO - allennlp.common.params - iterator.batch_size = 100
2019-05-10 02:59:50,157 - INFO - allennlp.common.params - iterator.instances_per_epoch = None
2019-05-10 02:59:50,157 - INFO - allennlp.common.params - iterator.max_instances_in_memory = None
2019-05-10 02:59:50,158 - INFO - allennlp.common.params - iterator.cache_instances = False
2019-05-10 02:59:50,159 - INFO - allennlp.common.params - iterator.track_epoch = False
2019-05-10 02:59:50,159 - INFO - allennlp.common.params - iterator.maximum_samples_per_batch = None
2019-05-10 02:59:50,159 - INFO - allennlp.common.params - validation_iterator = None
2019-05-10 02:59:50,159 - INFO - allennlp.common.params - trainer.no_grad = ()
2019-05-10 02:59:50,160 - INFO - allennlp.training.trainer - Following parameters are Frozen  (without gradient):
2019-05-10 02:59:50,161 - INFO - allennlp.training.trainer - word_embeddings.token_embedder_tokens._elmo._elmo_lstm._token_embedder._char_embedding_weights
2019-05-10 02:59:50,161 - INFO - allennlp.training.trainer - word_embeddings.token_embedder_tokens._elmo._elmo_lstm._token_embedder.char_conv_0.weight
2019-05-10 02:59:50,161 - INFO - allennlp.training.trainer - word_embeddings.token_embedder_tokens._elmo._elmo_lstm._token_embedder.char_conv_0.bias
2019-05-10 02:59:50,161 - INFO - allennlp.training.trainer - word_embeddings.token_embedder_tokens._elmo._elmo_lstm._token_embedder.char_conv_1.weight
2019-05-10 02:59:50,161 - INFO - allennlp.training.trainer - word_embeddings.token_embedder_tokens._elmo._elmo_lstm._token_embedder.char_conv_1.bias
2019-05-10 02:59:50,162 - INFO - allennlp.training.trainer - word_embeddings.token_embedder_tokens._elmo._elmo_lstm._token_embedder.char_conv_2.weight
2019-05-10 02:59:50,162 - INFO - allennlp.training.trainer - word_embeddings.token_embedder_tokens._elmo._elmo_lstm._token_embedder.char_conv_2.bias
2019-05-10 02:59:50,162 - INFO - allennlp.training.trainer - word_embeddings.token_embedder_tokens._elmo._elmo_lstm._token_embedder.char_conv_3.weight
2019-05-10 02:59:50,162 - INFO - allennlp.training.trainer - word_embeddings.token_embedder_tokens._elmo._elmo_lstm._token_embedder.char_conv_3.bias
2019-05-10 02:59:50,162 - INFO - allennlp.training.trainer - word_embeddings.token_embedder_tokens._elmo._elmo_lstm._token_embedder.char_conv_4.weight
2019-05-10 02:59:50,162 - INFO - allennlp.training.trainer - word_embeddings.token_embedder_tokens._elmo._elmo_lstm._token_embedder.char_conv_4.bias
2019-05-10 02:59:50,163 - INFO - allennlp.training.trainer - word_embeddings.token_embedder_tokens._elmo._elmo_lstm._token_embedder.char_conv_5.weight
2019-05-10 02:59:50,163 - INFO - allennlp.training.trainer - word_embeddings.token_embedder_tokens._elmo._elmo_lstm._token_embedder.char_conv_5.bias
2019-05-10 02:59:50,163 - INFO - allennlp.training.trainer - word_embeddings.token_embedder_tokens._elmo._elmo_lstm._token_embedder.char_conv_6.weight
2019-05-10 02:59:50,163 - INFO - allennlp.training.trainer - word_embeddings.token_embedder_tokens._elmo._elmo_lstm._token_embedder.char_conv_6.bias
2019-05-10 02:59:50,163 - INFO - allennlp.training.trainer - word_embeddings.token_embedder_tokens._elmo._elmo_lstm._token_embedder._highways._layers.0.weight
2019-05-10 02:59:50,163 - INFO - allennlp.training.trainer - word_embeddings.token_embedder_tokens._elmo._elmo_lstm._token_embedder._highways._layers.0.bias
2019-05-10 02:59:50,164 - INFO - allennlp.training.trainer - word_embeddings.token_embedder_tokens._elmo._elmo_lstm._token_embedder._projection.weight
2019-05-10 02:59:50,164 - INFO - allennlp.training.trainer - word_embeddings.token_embedder_tokens._elmo._elmo_lstm._token_embedder._projection.bias
2019-05-10 02:59:50,164 - INFO - allennlp.training.trainer - word_embeddings.token_embedder_tokens._elmo._elmo_lstm._elmo_lstm.forward_layer_0.input_linearity.weight
2019-05-10 02:59:50,164 - INFO - allennlp.training.trainer - word_embeddings.token_embedder_tokens._elmo._elmo_lstm._elmo_lstm.forward_layer_0.state_linearity.weight
2019-05-10 02:59:50,164 - INFO - allennlp.training.trainer - word_embeddings.token_embedder_tokens._elmo._elmo_lstm._elmo_lstm.forward_layer_0.state_linearity.bias
2019-05-10 02:59:50,165 - INFO - allennlp.training.trainer - word_embeddings.token_embedder_tokens._elmo._elmo_lstm._elmo_lstm.forward_layer_0.state_projection.weight
2019-05-10 02:59:50,165 - INFO - allennlp.training.trainer - word_embeddings.token_embedder_tokens._elmo._elmo_lstm._elmo_lstm.backward_layer_0.input_linearity.weight
2019-05-10 02:59:50,165 - INFO - allennlp.training.trainer - word_embeddings.token_embedder_tokens._elmo._elmo_lstm._elmo_lstm.backward_layer_0.state_linearity.weight
2019-05-10 02:59:50,165 - INFO - allennlp.training.trainer - word_embeddings.token_embedder_tokens._elmo._elmo_lstm._elmo_lstm.backward_layer_0.state_linearity.bias
2019-05-10 02:59:50,165 - INFO - allennlp.training.trainer - word_embeddings.token_embedder_tokens._elmo._elmo_lstm._elmo_lstm.backward_layer_0.state_projection.weight
2019-05-10 02:59:50,165 - INFO - allennlp.training.trainer - word_embeddings.token_embedder_tokens._elmo._elmo_lstm._elmo_lstm.forward_layer_1.input_linearity.weight
2019-05-10 02:59:50,166 - INFO - allennlp.training.trainer - word_embeddings.token_embedder_tokens._elmo._elmo_lstm._elmo_lstm.forward_layer_1.state_linearity.weight
2019-05-10 02:59:50,166 - INFO - allennlp.training.trainer - word_embeddings.token_embedder_tokens._elmo._elmo_lstm._elmo_lstm.forward_layer_1.state_linearity.bias
2019-05-10 02:59:50,166 - INFO - allennlp.training.trainer - word_embeddings.token_embedder_tokens._elmo._elmo_lstm._elmo_lstm.forward_layer_1.state_projection.weight
2019-05-10 02:59:50,166 - INFO - allennlp.training.trainer - word_embeddings.token_embedder_tokens._elmo._elmo_lstm._elmo_lstm.backward_layer_1.input_linearity.weight
2019-05-10 02:59:50,166 - INFO - allennlp.training.trainer - word_embeddings.token_embedder_tokens._elmo._elmo_lstm._elmo_lstm.backward_layer_1.state_linearity.weight
2019-05-10 02:59:50,166 - INFO - allennlp.training.trainer - word_embeddings.token_embedder_tokens._elmo._elmo_lstm._elmo_lstm.backward_layer_1.state_linearity.bias
2019-05-10 02:59:50,167 - INFO - allennlp.training.trainer - word_embeddings.token_embedder_tokens._elmo._elmo_lstm._elmo_lstm.backward_layer_1.state_projection.weight
2019-05-10 02:59:50,167 - INFO - allennlp.training.trainer - Following parameters are Tunable (with gradient):
2019-05-10 02:59:50,167 - INFO - allennlp.training.trainer - word_embeddings.token_embedder_tokens._elmo.scalar_mix_0.gamma
2019-05-10 02:59:50,167 - INFO - allennlp.training.trainer - word_embeddings.token_embedder_tokens._elmo.scalar_mix_0.scalar_parameters.0
2019-05-10 02:59:50,167 - INFO - allennlp.training.trainer - word_embeddings.token_embedder_tokens._elmo.scalar_mix_0.scalar_parameters.1
2019-05-10 02:59:50,168 - INFO - allennlp.training.trainer - word_embeddings.token_embedder_tokens._elmo.scalar_mix_0.scalar_parameters.2
2019-05-10 02:59:50,168 - INFO - allennlp.training.trainer - encoder._module.weight_ih_l0
2019-05-10 02:59:50,168 - INFO - allennlp.training.trainer - encoder._module.weight_hh_l0
2019-05-10 02:59:50,168 - INFO - allennlp.training.trainer - encoder._module.bias_ih_l0
2019-05-10 02:59:50,168 - INFO - allennlp.training.trainer - encoder._module.bias_hh_l0
2019-05-10 02:59:50,168 - INFO - allennlp.training.trainer - encoder._module.weight_ih_l1
2019-05-10 02:59:50,169 - INFO - allennlp.training.trainer - encoder._module.weight_hh_l1
2019-05-10 02:59:50,169 - INFO - allennlp.training.trainer - encoder._module.bias_ih_l1
2019-05-10 02:59:50,169 - INFO - allennlp.training.trainer - encoder._module.bias_hh_l1
2019-05-10 02:59:50,169 - INFO - allennlp.training.trainer - encoder._module.weight_ih_l2
2019-05-10 02:59:50,169 - INFO - allennlp.training.trainer - encoder._module.weight_hh_l2
2019-05-10 02:59:50,170 - INFO - allennlp.training.trainer - encoder._module.bias_ih_l2
2019-05-10 02:59:50,170 - INFO - allennlp.training.trainer - encoder._module.bias_hh_l2
2019-05-10 02:59:50,170 - INFO - allennlp.training.trainer - linear.weight
2019-05-10 02:59:50,170 - INFO - allennlp.training.trainer - linear.bias
2019-05-10 02:59:50,171 - INFO - allennlp.common.params - trainer.patience = 5
2019-05-10 02:59:50,171 - INFO - allennlp.common.params - trainer.validation_metric = -loss
2019-05-10 02:59:50,171 - INFO - allennlp.common.params - trainer.shuffle = True
2019-05-10 02:59:50,171 - INFO - allennlp.common.params - trainer.num_epochs = 10
2019-05-10 02:59:50,172 - INFO - allennlp.common.params - trainer.cuda_device = -1
2019-05-10 02:59:50,172 - INFO - allennlp.common.params - trainer.grad_norm = None
2019-05-10 02:59:50,172 - INFO - allennlp.common.params - trainer.grad_clipping = None
2019-05-10 02:59:50,172 - INFO - allennlp.common.params - trainer.learning_rate_scheduler = None
2019-05-10 02:59:50,172 - INFO - allennlp.common.params - trainer.momentum_scheduler = None
2019-05-10 02:59:50,173 - INFO - allennlp.common.params - trainer.optimizer = adam
2019-05-10 02:59:50,173 - INFO - allennlp.common.params - parameter_groups = None
2019-05-10 02:59:50,174 - INFO - allennlp.training.optimizers - Number of trainable parameters: 1580297
2019-05-10 02:59:50,174 - INFO - allennlp.common.params - infer_type_and_cast = True
2019-05-10 02:59:50,175 - INFO - allennlp.common.params - Converting Params object to dict; logging of default values will not occur when dictionary parameters are used subsequently.
2019-05-10 02:59:50,176 - INFO - allennlp.common.params - CURRENTLY DEFINED PARAMETERS: 
2019-05-10 02:59:50,178 - INFO - allennlp.common.params - trainer.num_serialized_models_to_keep = 20
2019-05-10 02:59:50,178 - INFO - allennlp.common.params - trainer.keep_serialized_model_every_num_seconds = None
2019-05-10 02:59:50,178 - INFO - allennlp.common.params - trainer.model_save_interval = None
2019-05-10 02:59:50,179 - INFO - allennlp.common.params - trainer.summary_interval = 100
2019-05-10 02:59:50,179 - INFO - allennlp.common.params - trainer.histogram_interval = None
2019-05-10 02:59:50,179 - INFO - allennlp.common.params - trainer.should_log_parameter_statistics = True
2019-05-10 02:59:50,179 - INFO - allennlp.common.params - trainer.should_log_learning_rate = False
2019-05-10 02:59:50,180 - INFO - allennlp.common.params - trainer.log_batch_size_period = None
2019-05-10 02:59:50,183 - INFO - allennlp.training.trainer - Beginning training.
2019-05-10 02:59:50,184 - INFO - allennlp.training.trainer - Epoch 0/9
2019-05-10 02:59:50,184 - INFO - allennlp.training.trainer - Peak CPU memory usage MB: 0.0
2019-05-10 02:59:50,188 - INFO - allennlp.training.trainer - Training
2019-05-10 03:04:40,305 - INFO - allennlp.training.trainer - Validating
2019-05-10 03:05:13,283 - INFO - allennlp.training.tensorboard_writer -                   Training |  Validation
2019-05-10 03:05:13,284 - INFO - allennlp.training.tensorboard_writer - recall        |     0.001  |     0.000
2019-05-10 03:05:13,284 - INFO - allennlp.training.tensorboard_writer - accuracy      |     0.350  |     0.400
2019-05-10 03:05:13,285 - INFO - allennlp.training.tensorboard_writer - cpu_memory_MB |     0.000  |       N/A
2019-05-10 03:05:13,285 - INFO - allennlp.training.tensorboard_writer - f1_measure    |     0.002  |     0.000
2019-05-10 03:05:13,286 - INFO - allennlp.training.tensorboard_writer - loss          |     1.461  |     1.366
2019-05-10 03:05:13,286 - INFO - allennlp.training.tensorboard_writer - precision     |     0.333  |     0.000
2019-05-10 03:05:13,426 - INFO - allennlp.training.checkpointer - Best validation performance so far. Copying weights to 'sst-model_new_6/best.th'.
2019-05-10 03:05:13,544 - INFO - allennlp.training.trainer - Epoch duration: 00:05:23
2019-05-10 03:05:13,544 - INFO - allennlp.training.trainer - Estimated training time remaining: 0:48:30
2019-05-10 03:05:13,545 - INFO - allennlp.training.trainer - Epoch 1/9
2019-05-10 03:05:13,545 - INFO - allennlp.training.trainer - Peak CPU memory usage MB: 0.0
2019-05-10 03:05:13,549 - INFO - allennlp.training.trainer - Training
2019-05-10 03:10:14,873 - INFO - allennlp.training.trainer - Validating
2019-05-10 03:10:46,206 - INFO - allennlp.training.tensorboard_writer -                   Training |  Validation
2019-05-10 03:10:46,207 - INFO - allennlp.training.tensorboard_writer - recall        |     0.049  |     0.101
2019-05-10 03:10:46,207 - INFO - allennlp.training.tensorboard_writer - accuracy      |     0.401  |     0.404
2019-05-10 03:10:46,208 - INFO - allennlp.training.tensorboard_writer - cpu_memory_MB |     0.000  |       N/A
2019-05-10 03:10:46,208 - INFO - allennlp.training.tensorboard_writer - f1_measure    |     0.088  |     0.157
2019-05-10 03:10:46,209 - INFO - allennlp.training.tensorboard_writer - loss          |     1.376  |     1.270
2019-05-10 03:10:46,209 - INFO - allennlp.training.tensorboard_writer - precision     |     0.380  |     0.359
2019-05-10 03:10:46,293 - INFO - allennlp.training.checkpointer - Best validation performance so far. Copying weights to 'sst-model_new_6/best.th'.
2019-05-10 03:10:46,434 - INFO - allennlp.training.trainer - Epoch duration: 00:05:32
2019-05-10 03:10:46,434 - INFO - allennlp.training.trainer - Estimated training time remaining: 0:43:45
2019-05-10 03:10:46,434 - INFO - allennlp.training.trainer - Epoch 2/9
2019-05-10 03:10:46,435 - INFO - allennlp.training.trainer - Peak CPU memory usage MB: 0.0
2019-05-10 03:10:46,440 - INFO - allennlp.training.trainer - Training
2019-05-10 03:15:28,944 - INFO - allennlp.training.trainer - Validating
2019-05-10 03:15:59,147 - INFO - allennlp.training.tensorboard_writer -                   Training |  Validation
2019-05-10 03:15:59,148 - INFO - allennlp.training.tensorboard_writer - recall        |     0.083  |     0.187
2019-05-10 03:15:59,149 - INFO - allennlp.training.tensorboard_writer - accuracy      |     0.433  |     0.420
2019-05-10 03:15:59,149 - INFO - allennlp.training.tensorboard_writer - cpu_memory_MB |     0.000  |       N/A
2019-05-10 03:15:59,150 - INFO - allennlp.training.tensorboard_writer - f1_measure    |     0.142  |     0.232
2019-05-10 03:15:59,150 - INFO - allennlp.training.tensorboard_writer - loss          |     1.321  |     1.329
2019-05-10 03:15:59,150 - INFO - allennlp.training.tensorboard_writer - precision     |     0.474  |     0.306
2019-05-10 03:15:59,266 - INFO - allennlp.training.trainer - Epoch duration: 00:05:12
2019-05-10 03:15:59,266 - INFO - allennlp.training.trainer - Estimated training time remaining: 0:37:41
2019-05-10 03:15:59,267 - INFO - allennlp.training.trainer - Epoch 3/9
2019-05-10 03:15:59,267 - INFO - allennlp.training.trainer - Peak CPU memory usage MB: 0.0
2019-05-10 03:15:59,271 - INFO - allennlp.training.trainer - Training
2019-05-10 03:20:38,016 - INFO - allennlp.training.trainer - Validating
2019-05-10 03:21:08,759 - INFO - allennlp.training.tensorboard_writer -                   Training |  Validation
2019-05-10 03:21:08,760 - INFO - allennlp.training.tensorboard_writer - recall        |     0.177  |     0.144
2019-05-10 03:21:08,761 - INFO - allennlp.training.tensorboard_writer - accuracy      |     0.451  |     0.448
2019-05-10 03:21:08,761 - INFO - allennlp.training.tensorboard_writer - cpu_memory_MB |     0.000  |       N/A
2019-05-10 03:21:08,761 - INFO - allennlp.training.tensorboard_writer - f1_measure    |     0.251  |     0.213
2019-05-10 03:21:08,761 - INFO - allennlp.training.tensorboard_writer - loss          |     1.259  |     1.312
2019-05-10 03:21:08,761 - INFO - allennlp.training.tensorboard_writer - precision     |     0.432  |     0.408
2019-05-10 03:21:09,666 - INFO - allennlp.training.trainer - Epoch duration: 00:05:10
2019-05-10 03:21:09,666 - INFO - allennlp.training.trainer - Estimated training time remaining: 0:31:59
2019-05-10 03:21:09,667 - INFO - allennlp.training.trainer - Epoch 4/9
2019-05-10 03:21:09,667 - INFO - allennlp.training.trainer - Peak CPU memory usage MB: 0.0
2019-05-10 03:21:09,679 - INFO - allennlp.training.trainer - Training
2019-05-10 03:25:50,916 - INFO - allennlp.training.trainer - Validating
2019-05-10 03:26:20,764 - INFO - allennlp.training.tensorboard_writer -                   Training |  Validation
2019-05-10 03:26:20,764 - INFO - allennlp.training.tensorboard_writer - recall        |     0.256  |     0.302
2019-05-10 03:26:20,765 - INFO - allennlp.training.tensorboard_writer - accuracy      |     0.480  |     0.431
2019-05-10 03:26:20,765 - INFO - allennlp.training.tensorboard_writer - cpu_memory_MB |     0.000  |       N/A
2019-05-10 03:26:20,765 - INFO - allennlp.training.tensorboard_writer - f1_measure    |     0.338  |     0.337
2019-05-10 03:26:20,766 - INFO - allennlp.training.tensorboard_writer - loss          |     1.210  |     1.315
2019-05-10 03:26:20,766 - INFO - allennlp.training.tensorboard_writer - precision     |     0.497  |     0.382
2019-05-10 03:26:20,850 - INFO - allennlp.training.trainer - Epoch duration: 00:05:11
2019-05-10 03:26:20,851 - INFO - allennlp.training.trainer - Estimated training time remaining: 0:26:30
2019-05-10 03:26:20,851 - INFO - allennlp.training.trainer - Epoch 5/9
2019-05-10 03:26:20,851 - INFO - allennlp.training.trainer - Peak CPU memory usage MB: 0.0
2019-05-10 03:26:20,856 - INFO - allennlp.training.trainer - Training
2019-05-10 03:31:00,935 - INFO - allennlp.training.trainer - Validating
2019-05-10 03:31:30,594 - INFO - allennlp.training.tensorboard_writer -                   Training |  Validation
2019-05-10 03:31:30,594 - INFO - allennlp.training.tensorboard_writer - recall        |     0.342  |     0.252
2019-05-10 03:31:30,595 - INFO - allennlp.training.tensorboard_writer - accuracy      |     0.510  |     0.418
2019-05-10 03:31:30,595 - INFO - allennlp.training.tensorboard_writer - cpu_memory_MB |     0.000  |       N/A
2019-05-10 03:31:30,596 - INFO - allennlp.training.tensorboard_writer - f1_measure    |     0.422  |     0.304
2019-05-10 03:31:30,596 - INFO - allennlp.training.tensorboard_writer - loss          |     1.147  |     1.456
2019-05-10 03:31:30,597 - INFO - allennlp.training.tensorboard_writer - precision     |     0.553  |     0.385
2019-05-10 03:31:30,682 - INFO - allennlp.training.trainer - Epoch duration: 00:05:09
2019-05-10 03:31:30,682 - INFO - allennlp.training.trainer - Estimated training time remaining: 0:21:06
2019-05-10 03:31:30,683 - INFO - allennlp.training.trainer - Epoch 6/9
2019-05-10 03:31:30,683 - INFO - allennlp.training.trainer - Peak CPU memory usage MB: 0.0
2019-05-10 03:31:30,688 - INFO - allennlp.training.trainer - Training
2019-05-10 03:36:13,878 - INFO - allennlp.training.trainer - Validating
2019-05-10 03:36:44,196 - INFO - allennlp.training.trainer - Ran out of patience.  Stopping training.
2019-05-10 03:36:44,197 - INFO - allennlp.training.checkpointer - loading best weights
